<?xml version="1.0" encoding="UTF-8"?>
<!-- Generated by org.testng.reporters.JUnitReportReporter -->
<testsuite hostname="Ola-PC" name="TestCases.selectFlights" tests="5" failures="0" timestamp="1 Apr 2016 20:41:11 GMT" time="48.751" errors="0">
  <testcase name="simpleFlightTest" time="16.495" classname="TestCases.selectFlights"/>
  <testcase name="secondTestMethod" time="3.445" classname="TestCases.selectFlights"/>
  <testcase name="simpleFlightTest" time="9.451" classname="TestCases.selectFlights"/>
  <testcase name="firstTestMethod" time="3.084" classname="TestCases.selectFlights"/>
  <testcase name="simpleFlightTest" time="16.276" classname="TestCases.selectFlights"/>
</testsuite> <!-- TestCases.selectFlights -->
