<?xml version="1.0" encoding="UTF-8"?>
<!-- Generated by org.testng.reporters.JUnitReportReporter -->
<testsuite hostname="Ola-PC" name="TestCases.selectFlights" tests="4" failures="0" timestamp="30 Mar 2016 12:30:09 GMT" time="23.915" errors="0">
  <testcase name="secondTestMethod" time="0.055" classname="TestCases.selectFlights"/>
  <testcase name="simpleFlightTest" time="8.817" classname="TestCases.selectFlights"/>
  <testcase name="simpleFlightTest" time="8.061" classname="TestCases.selectFlights"/>
  <testcase name="simpleFlightTest" time="6.982" classname="TestCases.selectFlights"/>
</testsuite> <!-- TestCases.selectFlights -->
